f:\学习\linuxfile\c-program\c-project\c-project\c-project\debug\vc141.pdb
f:\学习\linuxfile\c-program\c-project\c-project\c-project\debug\vc141.idb
f:\学习\linuxfile\c-program\c-project\c-project\c-project\debug\merge.obj
f:\学习\linuxfile\c-program\c-project\c-project\debug\c-project.pdb
f:\学习\linuxfile\c-program\c-project\c-project\c-project\debug\c-project.tlog\cl.command.1.tlog
f:\学习\linuxfile\c-program\c-project\c-project\c-project\debug\c-project.tlog\cl.read.1.tlog
f:\学习\linuxfile\c-program\c-project\c-project\c-project\debug\c-project.tlog\cl.write.1.tlog
f:\学习\linuxfile\c-program\c-project\c-project\c-project\debug\c-project.tlog\link-cvtres.read.1.tlog
f:\学习\linuxfile\c-program\c-project\c-project\c-project\debug\c-project.tlog\link-cvtres.write.1.tlog
f:\学习\linuxfile\c-program\c-project\c-project\c-project\debug\c-project.tlog\link-rc.read.1.tlog
f:\学习\linuxfile\c-program\c-project\c-project\c-project\debug\c-project.tlog\link-rc.write.1.tlog
f:\学习\linuxfile\c-program\c-project\c-project\c-project\debug\c-project.tlog\link.10464-cvtres.read.1.tlog
f:\学习\linuxfile\c-program\c-project\c-project\c-project\debug\c-project.tlog\link.10464-cvtres.write.1.tlog
f:\学习\linuxfile\c-program\c-project\c-project\c-project\debug\c-project.tlog\link.10464-rc.read.1.tlog
f:\学习\linuxfile\c-program\c-project\c-project\c-project\debug\c-project.tlog\link.10464-rc.write.1.tlog
f:\学习\linuxfile\c-program\c-project\c-project\c-project\debug\c-project.tlog\link.10464.read.1.tlog
f:\学习\linuxfile\c-program\c-project\c-project\c-project\debug\c-project.tlog\link.10464.write.1.tlog
f:\学习\linuxfile\c-program\c-project\c-project\c-project\debug\c-project.tlog\link.command.1.tlog
f:\学习\linuxfile\c-program\c-project\c-project\c-project\debug\c-project.tlog\link.read.1.tlog
f:\学习\linuxfile\c-program\c-project\c-project\c-project\debug\c-project.tlog\link.write.1.tlog
